<?xml version="1.0" encoding="UTF-8"?>
<testng-results ignored="0" total="1" passed="1" failed="0" skipped="0">
  <reporter-output>
  </reporter-output>
  <suite started-at="2020-07-14T11:18:00Z" name="Suite" finished-at="2020-07-14T11:18:25Z" duration-ms="24601">
    <groups>
    </groups>
    <test started-at="2020-07-14T11:18:00Z" name="Test" finished-at="2020-07-14T11:18:25Z" duration-ms="24601">
      <class name="com.scripts.actitime.TestActitimeLogin">
        <test-method is-config="true" signature="openBrowser()[pri:0, instance:com.scripts.actitime.TestActitimeLogin@c8c12ac]" started-at="2020-07-14T11:18:00Z" name="openBrowser" finished-at="2020-07-14T11:18:22Z" duration-ms="21225" status="PASS">
          <reporter-output>
          </reporter-output>
        </test-method> <!-- openBrowser -->
        <test-method signature="login()[pri:0, instance:com.scripts.actitime.TestActitimeLogin@c8c12ac]" started-at="2020-07-14T11:18:22Z" name="login" finished-at="2020-07-14T11:18:25Z" duration-ms="3303" status="PASS">
          <reporter-output>
          </reporter-output>
        </test-method> <!-- login -->
        <test-method is-config="true" signature="closeBrowser()[pri:0, instance:com.scripts.actitime.TestActitimeLogin@c8c12ac]" started-at="2020-07-14T11:18:25Z" name="closeBrowser" finished-at="2020-07-14T11:18:25Z" duration-ms="1" status="PASS">
          <reporter-output>
          </reporter-output>
        </test-method> <!-- closeBrowser -->
      </class> <!-- com.scripts.actitime.TestActitimeLogin -->
    </test> <!-- Test -->
  </suite> <!-- Suite -->
</testng-results>
